# JRE version: Java(TM) SE Runtime Environment (8.0_25-b18) (build 1.8.0_25-b18)
# Java VM: Java HotSpot(TM) 64-Bit Server VM (25.25-b02 mixed mode windows-amd64 compressed oops)
Heap:
 PSYoungGen      total 324608K, used 171327K [0x00000000eab00000, 0x00000000ffc80000, 0x0000000100000000)
  eden space 304640K, 56% used [0x00000000eab00000,0x00000000f524fcd0,0x00000000fd480000)
  from space 19968K, 0% used [0x00000000fe900000,0x00000000fe900000,0x00000000ffc80000)
  to   space 20480K, 0% used [0x00000000fd480000,0x00000000fd480000,0x00000000fe880000)
 ParOldGen       total 65536K, used 37370K [0x00000000c0000000, 0x00000000c4000000, 0x00000000eab00000)
  object space 65536K, 57% used [0x00000000c0000000,0x00000000c247eb18,0x00000000c4000000)
 Metaspace       used 45260K, capacity 47184K, committed 47488K, reserved 1089536K
  class space    used 6213K, capacity 6657K, committed 6784K, reserved 1048576K
GC Heap History (10 events):
Event: 41.170 GC heap before
{Heap before GC invocations=11 (full 1):
 PSYoungGen      total 141824K, used 97843K [0x00000000eab00000, 0x00000000f8f00000, 0x0000000100000000)
  eden space 130560K, 66% used [0x00000000eab00000,0x00000000eff90ea0,0x00000000f2a80000)
  from space 11264K, 99% used [0x00000000f2a80000,0x00000000f357bd78,0x00000000f3580000)
  to   space 14336K, 0% used [0x00000000f8100000,0x00000000f8100000,0x00000000f8f00000)
 ParOldGen       total 48128K, used 11954K [0x00000000c0000000, 0x00000000c2f00000, 0x00000000eab00000)
  object space 48128K, 24% used [0x00000000c0000000,0x00000000c0bac838,0x00000000c2f00000)
 Metaspace       used 34551K, capacity 35288K, committed 35456K, reserved 1079296K
  class space    used 4663K, capacity 4876K, committed 4992K, reserved 1048576K
Event: 41.190 GC heap after
Heap after GC invocations=11 (full 1):
 PSYoungGen      total 217088K, used 14304K [0x00000000eab00000, 0x00000000f9180000, 0x0000000100000000)
  eden space 202752K, 0% used [0x00000000eab00000,0x00000000eab00000,0x00000000f7100000)
  from space 14336K, 99% used [0x00000000f8100000,0x00000000f8ef81f0,0x00000000f8f00000)
  to   space 16384K, 0% used [0x00000000f7100000,0x00000000f7100000,0x00000000f8100000)
 ParOldGen       total 48128K, used 13602K [0x00000000c0000000, 0x00000000c2f00000, 0x00000000eab00000)
  object space 48128K, 28% used [0x00000000c0000000,0x00000000c0d48868,0x00000000c2f00000)
 Metaspace       used 34551K, capacity 35288K, committed 35456K, reserved 1079296K
  class space    used 4663K, capacity 4876K, committed 4992K, reserved 1048576K
}
Event: 41.190 GC heap before
{Heap before GC invocations=12 (full 2):
 PSYoungGen      total 217088K, used 14304K [0x00000000eab00000, 0x00000000f9180000, 0x0000000100000000)
  eden space 202752K, 0% used [0x00000000eab00000,0x00000000eab00000,0x00000000f7100000)
  from space 14336K, 99% used [0x00000000f8100000,0x00000000f8ef81f0,0x00000000f8f00000)
  to   space 16384K, 0% used [0x00000000f7100000,0x00000000f7100000,0x00000000f8100000)
 ParOldGen       total 48128K, used 13602K [0x00000000c0000000, 0x00000000c2f00000, 0x00000000eab00000)
  object space 48128K, 28% used [0x00000000c0000000,0x00000000c0d48868,0x00000000c2f00000)
 Metaspace       used 34551K, capacity 35288K, committed 35456K, reserved 1079296K
  class space    used 4663K, capacity 4876K, committed 4992K, reserved 1048576K
Event: 41.327 GC heap after
Heap after GC invocations=12 (full 2):
 PSYoungGen      total 217088K, used 0K [0x00000000eab00000, 0x00000000f9180000, 0x0000000100000000)
  eden space 202752K, 0% used [0x00000000eab00000,0x00000000eab00000,0x00000000f7100000)
  from space 14336K, 0% used [0x00000000f8100000,0x00000000f8100000,0x00000000f8f00000)
  to   space 16384K, 0% used [0x00000000f7100000,0x00000000f7100000,0x00000000f8100000)
 ParOldGen       total 65536K, used 21144K [0x00000000c0000000, 0x00000000c4000000, 0x00000000eab00000)
  object space 65536K, 32% used [0x00000000c0000000,0x00000000c14a6208,0x00000000c4000000)
 Metaspace       used 34532K, capacity 35266K, committed 35456K, reserved 1079296K
  class space    used 4657K, capacity 4870K, committed 4992K, reserved 1048576K
}
Event: 46.919 GC heap before
{Heap before GC invocations=13 (full 2):
 PSYoungGen      total 217088K, used 202752K [0x00000000eab00000, 0x00000000f9180000, 0x0000000100000000)
  eden space 202752K, 100% used [0x00000000eab00000,0x00000000f7100000,0x00000000f7100000)
  from space 14336K, 0% used [0x00000000f8100000,0x00000000f8100000,0x00000000f8f00000)
  to   space 16384K, 0% used [0x00000000f7100000,0x00000000f7100000,0x00000000f8100000)
 ParOldGen       total 65536K, used 21144K [0x00000000c0000000, 0x00000000c4000000, 0x00000000eab00000)
  object space 65536K, 32% used [0x00000000c0000000,0x00000000c14a6208,0x00000000c4000000)
 Metaspace       used 41307K, capacity 42380K, committed 42624K, reserved 1085440K
  class space    used 5705K, capacity 5961K, committed 6016K, reserved 1048576K
Event: 46.947 GC heap after
Heap after GC invocations=13 (full 2):
 PSYoungGen      total 219136K, used 16383K [0x00000000eab00000, 0x00000000ffd80000, 0x0000000100000000)
  eden space 202752K, 0% used [0x00000000eab00000,0x00000000eab00000,0x00000000f7100000)
  from space 16384K, 99% used [0x00000000f7100000,0x00000000f80fff28,0x00000000f8100000)
  to   space 20992K, 0% used [0x00000000fe900000,0x00000000fe900000,0x00000000ffd80000)
 ParOldGen       total 65536K, used 26453K [0x00000000c0000000, 0x00000000c4000000, 0x00000000eab00000)
  object space 65536K, 40% used [0x00000000c0000000,0x00000000c19d5588,0x00000000c4000000)
 Metaspace       used 41307K, capacity 42380K, committed 42624K, reserved 1085440K
  class space    used 5705K, capacity 5961K, committed 6016K, reserved 1048576K
}
Event: 47.758 GC heap before
{Heap before GC invocations=14 (full 2):
 PSYoungGen      total 219136K, used 54255K [0x00000000eab00000, 0x00000000ffd80000, 0x0000000100000000)
  eden space 202752K, 18% used [0x00000000eab00000,0x00000000ecffbd10,0x00000000f7100000)
  from space 16384K, 99% used [0x00000000f7100000,0x00000000f80fff28,0x00000000f8100000)
  to   space 20992K, 0% used [0x00000000fe900000,0x00000000fe900000,0x00000000ffd80000)
 ParOldGen       total 65536K, used 26453K [0x00000000c0000000, 0x00000000c4000000, 0x00000000eab00000)
  object space 65536K, 40% used [0x00000000c0000000,0x00000000c19d5588,0x00000000c4000000)
 Metaspace       used 42625K, capacity 44182K, committed 44288K, reserved 1087488K
  class space    used 5911K, capacity 6311K, committed 6400K, reserved 1048576K
Event: 47.788 GC heap after
Heap after GC invocations=14 (full 2):
 PSYoungGen      total 324608K, used 3492K [0x00000000eab00000, 0x00000000ffc80000, 0x0000000100000000)
  eden space 304640K, 0% used [0x00000000eab00000,0x00000000eab00000,0x00000000fd480000)
  from space 19968K, 17% used [0x00000000fe900000,0x00000000fec69180,0x00000000ffc80000)
  to   space 20480K, 0% used [0x00000000fd480000,0x00000000fd480000,0x00000000fe880000)
 ParOldGen       total 65536K, used 42756K [0x00000000c0000000, 0x00000000c4000000, 0x00000000eab00000)
  object space 65536K, 65% used [0x00000000c0000000,0x00000000c29c1190,0x00000000c4000000)
 Metaspace       used 42625K, capacity 44182K, committed 44288K, reserved 1087488K
  class space    used 5911K, capacity 6311K, committed 6400K, reserved 1048576K
}
Event: 47.788 GC heap before
{Heap before GC invocations=15 (full 3):
 PSYoungGen      total 324608K, used 3492K [0x00000000eab00000, 0x00000000ffc80000, 0x0000000100000000)
  eden space 304640K, 0% used [0x00000000eab00000,0x00000000eab00000,0x00000000fd480000)
  from space 19968K, 17% used [0x00000000fe900000,0x00000000fec69180,0x00000000ffc80000)
  to   space 20480K, 0% used [0x00000000fd480000,0x00000000fd480000,0x00000000fe880000)
 ParOldGen       total 65536K, used 42756K [0x00000000c0000000, 0x00000000c4000000, 0x00000000eab00000)
  object space 65536K, 65% used [0x00000000c0000000,0x00000000c29c1190,0x00000000c4000000)
 Metaspace       used 42625K, capacity 44182K, committed 44288K, reserved 1087488K
  class space    used 5911K, capacity 6311K, committed 6400K, reserved 1048576K
Event: 48.083 GC heap after
Heap after GC invocations=15 (full 3):
 PSYoungGen      total 324608K, used 0K [0x00000000eab00000, 0x00000000ffc80000, 0x0000000100000000)
  eden space 304640K, 0% used [0x00000000eab00000,0x00000000eab00000,0x00000000fd480000)
  from space 19968K, 0% used [0x00000000fe900000,0x00000000fe900000,0x00000000ffc80000)
  to   space 20480K, 0% used [0x00000000fd480000,0x00000000fd480000,0x00000000fe880000)
 ParOldGen       total 65536K, used 37370K [0x00000000c0000000, 0x00000000c4000000, 0x00000000eab00000)
  object space 65536K, 57% used [0x00000000c0000000,0x00000000c247eb18,0x00000000c4000000)
 Metaspace       used 42625K, capacity 44182K, committed 44288K, reserved 1087488K
  class space    used 5911K, capacity 6311K, committed 6400K, reserved 1048576K
}

